Using pre-set license
Built from '2023.2/staging' branch; Version is '2023.2.3f1 (21747dafc6ee) revision 2192509'; Using compiler version '193431935'; Build Type 'Release'
OS: 'Windows 10  (10.0.19045) 64bit Core' Language: 'ru' Physical Memory: 16304 MB
BatchMode: 1, IsHumanControllingUs: 0, StartBugReporterOnCrash: 0, Is64bit: 1, IsPro: 1

COMMAND LINE ARGUMENTS:
E:\Games\2023.2.3f1\Editor\Unity.exe
-adb2
-batchMode
-noUpm
-name
AssetImportWorker0
-projectPath
C:/Users/XXX/Documents/GitHub/TworoggProject/TworoggProject/TworoggProject/da
-logFile
Logs/AssetImportWorker0.log
-srvPort
61335
-job-worker-count
2
-background-job-worker-count
8
-asset-garbage-collectors
1
Successfully changed project path to: C:/Users/XXX/Documents/GitHub/TworoggProject/TworoggProject/TworoggProject/da
C:/Users/XXX/Documents/GitHub/TworoggProject/TworoggProject/TworoggProject/da
[UnityMemory] Configuration Parameters - Can be set up in boot.config
    "memorysetup-bucket-allocator-granularity=16"
    "memorysetup-bucket-allocator-bucket-count=8"
    "memorysetup-bucket-allocator-block-size=33554432"
    "memorysetup-bucket-allocator-block-count=8"
    "memorysetup-main-allocator-block-size=16777216"
    "memorysetup-thread-allocator-block-size=16777216"
    "memorysetup-gfx-main-allocator-block-size=16777216"
    "memorysetup-gfx-thread-allocator-block-size=16777216"
    "memorysetup-cache-allocator-block-size=4194304"
    "memorysetup-typetree-allocator-block-size=2097152"
    "memorysetup-profiler-bucket-allocator-granularity=16"
    "memorysetup-profiler-bucket-allocator-bucket-count=8"
    "memorysetup-profiler-bucket-allocator-block-size=33554432"
    "memorysetup-profiler-bucket-allocator-block-count=8"
    "memorysetup-profiler-allocator-block-size=16777216"
    "memorysetup-profiler-editor-allocator-block-size=1048576"
    "memorysetup-temp-allocator-size-main=16777216"
    "memorysetup-job-temp-allocator-block-size=2097152"
    "memorysetup-job-temp-allocator-block-size-background=1048576"
    "memorysetup-job-temp-allocator-reduction-small-platforms=262144"
    "memorysetup-allocator-temp-initial-block-size-main=262144"
    "memorysetup-allocator-temp-initial-block-size-worker=262144"
    "memorysetup-temp-allocator-size-background-worker=32768"
    "memorysetup-temp-allocator-size-job-worker=262144"
    "memorysetup-temp-allocator-size-preload-manager=33554432"
    "memorysetup-temp-allocator-size-nav-mesh-worker=65536"
    "memorysetup-temp-allocator-size-audio-worker=65536"
    "memorysetup-temp-allocator-size-cloud-worker=32768"
    "memorysetup-temp-allocator-size-gi-baking-worker=262144"
    "memorysetup-temp-allocator-size-gi-baking-worker=262144"
    "memorysetup-temp-allocator-size-gi-baking-worker=262144"
    "memorysetup-temp-allocator-size-gi-baking-worker=262144"
    "memorysetup-temp-allocator-size-gfx=262144"
Player connection [15648] Host "[IP] 192.168.1.84 [Port] 0 [Flags] 2 [Guid] 2496332368 [EditorId] 2496332368 [Version] 1048832 [Id] WindowsEditor(7,DESKTOP-BCEJVLU) [Debug] 1 [PackageName] WindowsEditor [ProjectName] Editor" joined multi-casting on [225.0.0.222:54997]...
Player connection [15648] Host "[IP] 192.168.1.84 [Port] 0 [Flags] 2 [Guid] 2496332368 [EditorId] 2496332368 [Version] 1048832 [Id] WindowsEditor(7,DESKTOP-BCEJVLU) [Debug] 1 [PackageName] WindowsEditor [ProjectName] Editor" joined alternative multi-casting on [225.0.0.222:34997]...
JobSystem: Creating JobQueue using job-worker-count value 2
[Physics::Module] Initialized MultithreadedJobDispatcher with 2 workers.
Library Redirect Path: Library/
Refreshing native plugins compatible for Editor in 1.49 ms, found 3 plugins.
Preloading 0 native plugins for Editor in 0.00 ms.
Initialize engine version: 2023.2.3f1 (21747dafc6ee)
[Subsystems] Discovering subsystems at path E:/Games/2023.2.3f1/Editor/Data/Resources/UnitySubsystems
[Subsystems] Discovering subsystems at path C:/Users/XXX/Documents/GitHub/TworoggProject/TworoggProject/TworoggProject/da/Assets
GfxDevice: creating device client; kGfxThreadingModeNonThreaded
Direct3D:
    Version:  Direct3D 11.0 [level 11.1]
    Renderer: NVIDIA GeForce GTX 1050 Ti (ID=0x1c82)
    Vendor:   NVIDIA
    VRAM:     4017 MB
    Driver:   31.0.15.3623
Initialize mono
Mono path[0] = 'E:/Games/2023.2.3f1/Editor/Data/Managed'
Mono path[1] = 'E:/Games/2023.2.3f1/Editor/Data/MonoBleedingEdge/lib/mono/unityjit-win32'
Mono config path = 'E:/Games/2023.2.3f1/Editor/Data/MonoBleedingEdge/etc'
Using monoOptions --debugger-agent=transport=dt_socket,embedding=1,server=y,suspend=n,address=127.0.0.1:56652
Begin MonoManager ReloadAssembly
C:\build\output\Unity-Technologies\mono\mono\metadata\icall.c:1842:
C:\build\output\Unity-Technologies\mono\mono\metadata\icall.c:1842:
C:\build\output\Unity-Technologies\mono\mono\metadata\icall.c:1842:
C:\build\output\Unity-Technologies\mono\mono\metadata\icall.c:1842:
C:\build\output\Unity-Technologies\mono\mono\metadata\icall.c:1842:
C:\build\output\Unity-Technologies\mono\mono\metadata\icall.c:1842:
C:\build\output\Unity-Technologies\mono\mono\metadata\icall.c:1842:
C:\build\output\Unity-Technologies\mono\mono\metadata\icall.c:1842:
C:\build\output\Unity-Technologies\mono\mono\metadata\icall.c:1842:
C:\build\output\Unity-Technologies\mono\mono\metadata\icall.c:1842:
Registering precompiled unity dll's ...
Register platform support module: E:/Games/2023.2.3f1/Editor/Data/PlaybackEngines/WindowsStandaloneSupport/UnityEditor.WindowsStandalone.Extensions.dll
Registered in 0.003448 seconds.
- Loaded All Assemblies, in  0.440 seconds
Native extension for WindowsStandalone target not found
Mono: successfully reloaded assembly
C:\build\output\Unity-Technologies\mono\mono\metadata\icall.c:1842:
C:\build\output\Unity-Technologies\mono\mono\metadata\icall.c:1842:
- Finished resetting the current domain, in  0.351 seconds
Domain Reload Profiling: 791ms
	BeginReloadAssembly (153ms)
		ExecutionOrderSort (0ms)
		DisableScriptedObjects (0ms)
		BackupInstance (0ms)
		ReleaseScriptingObjects (0ms)
		CreateAndSetChildDomain (1ms)
	RebuildCommonClasses (44ms)
	RebuildNativeTypeToScriptingClass (16ms)
	initialDomainReloadingComplete (53ms)
	LoadAllAssembliesAndSetupDomain (174ms)
		LoadAssemblies (152ms)
		RebuildTransferFunctionScriptingTraits (0ms)
		AnalyzeDomain (171ms)
			TypeCache.Refresh (170ms)
				TypeCache.ScanAssembly (154ms)
			BuildScriptInfoCaches (0ms)
			ResolveRequiredComponents (1ms)
	FinalizeReload (351ms)
		ReleaseScriptCaches (0ms)
		RebuildScriptCaches (0ms)
		SetupLoadedEditorAssemblies (290ms)
			LogAssemblyErrors (0ms)
			InitializePlatformSupportModulesInManaged (10ms)
			SetLoadedEditorAssemblies (5ms)
			BeforeProcessingInitializeOnLoad (8ms)
			ProcessInitializeOnLoadAttributes (211ms)
			ProcessInitializeOnLoadMethodAttributes (55ms)
			AfterProcessingInitializeOnLoad (0ms)
			EditorAssembliesLoaded (0ms)
		ExecutionOrderSort2 (0ms)
		AwakeInstancesAfterBackupRestoration (0ms)
========================================================================
Worker process is ready to serve import requests
Import Worker Mode flag is 0x00
Begin MonoManager ReloadAssembly
C:\build\output\Unity-Technologies\mono\mono\metadata\icall.c:1842:
C:\build\output\Unity-Technologies\mono\mono\metadata\icall.c:1842:
C:\build\output\Unity-Technologies\mono\mono\metadata\icall.c:1842:
C:\build\output\Unity-Technologies\mono\mono\metadata\icall.c:1842:
C:\build\output\Unity-Technologies\mono\mono\metadata\icall.c:1842:
C:\build\output\Unity-Technologies\mono\mono\metadata\icall.c:1842:
C:\build\output\Unity-Technologies\mono\mono\metadata\icall.c:1842:
C:\build\output\Unity-Technologies\mono\mono\metadata\icall.c:1842:
C:\build\output\Unity-Technologies\mono\mono\metadata\icall.c:1842:
C:\build\output\Unity-Technologies\mono\mono\metadata\icall.c:1842:
C:\build\output\Unity-Technologies\mono\mono\metadata\icall.c:1842:
C:\build\output\Unity-Technologies\mono\mono\metadata\icall.c:1842:
- Loaded All Assemblies, in  0.897 seconds
Refreshing native plugins compatible for Editor in 0.91 ms, found 3 plugins.
Native extension for WindowsStandalone target not found
Mono: successfully reloaded assembly
- Finished resetting the current domain, in  0.794 seconds
Domain Reload Profiling: 1689ms
	BeginReloadAssembly (375ms)
		ExecutionOrderSort (0ms)
		DisableScriptedObjects (8ms)
		BackupInstance (0ms)
		ReleaseScriptingObjects (0ms)
		CreateAndSetChildDomain (35ms)
	RebuildCommonClasses (42ms)
	RebuildNativeTypeToScriptingClass (16ms)
	initialDomainReloadingComplete (39ms)
	LoadAllAssembliesAndSetupDomain (422ms)
		LoadAssemblies (351ms)
		RebuildTransferFunctionScriptingTraits (0ms)
		AnalyzeDomain (193ms)
			TypeCache.Refresh (165ms)
				TypeCache.ScanAssembly (151ms)
			BuildScriptInfoCaches (21ms)
			ResolveRequiredComponents (4ms)
	FinalizeReload (794ms)
		ReleaseScriptCaches (0ms)
		RebuildScriptCaches (0ms)
		SetupLoadedEditorAssemblies (577ms)
			LogAssemblyErrors (0ms)
			InitializePlatformSupportModulesInManaged (3ms)
			SetLoadedEditorAssemblies (5ms)
			BeforeProcessingInitializeOnLoad (42ms)
			ProcessInitializeOnLoadAttributes (501ms)
			ProcessInitializeOnLoadMethodAttributes (25ms)
			AfterProcessingInitializeOnLoad (2ms)
			EditorAssembliesLoaded (0ms)
		ExecutionOrderSort2 (0ms)
		AwakeInstancesAfterBackupRestoration (9ms)
Launched and connected shader compiler UnityShaderCompiler.exe after 0.01 seconds
Refreshing native plugins compatible for Editor in 1.17 ms, found 3 plugins.
Preloading 0 native plugins for Editor in 0.00 ms.
Unloading 9 Unused Serialized files (Serialized files now loaded: 0)
Unloading 3137 unused Assets / (1.0 MB). Loaded Objects now: 3696.
Memory consumption went from 114.7 MB to 113.7 MB.
Total: 6.547900 ms (FindLiveObjects: 0.470400 ms CreateObjectMapping: 0.429900 ms MarkObjects: 4.737600 ms  DeleteObjects: 0.909200 ms)

========================================================================
Received Import Request.
  Time since last request: 197117.534953 seconds.
  path: Assets/игра карта 0.6.fbx
  artifactKey: Guid(26c86317ada45eb45aaa71d606da46a8) Importer(815301076,1909f56bfc062723c751e8b465ee728b)
Start importing Assets/игра карта 0.6.fbx using Guid(26c86317ada45eb45aaa71d606da46a8) Importer(815301076,1909f56bfc062723c751e8b465ee728b) (PreviewImporter) -> (artifact id: 'a7885ce6a69a493176d311a5134874d6') in 2.090496 seconds
Number of updated asset objects reloaded before import = 0Number of asset objects unloaded after import = 984

========================================================================
Received Import Request.
  Time since last request: 242.811740 seconds.
  path: Assets/1-1.jpg
  artifactKey: Guid(56d958e5fb912bc4f8968a90da3662e1) Importer(815301076,1909f56bfc062723c751e8b465ee728b)
Start importing Assets/1-1.jpg using Guid(56d958e5fb912bc4f8968a90da3662e1) Importer(815301076,1909f56bfc062723c751e8b465ee728b) (PreviewImporter) -> (artifact id: 'a1974bfa8ccd0472c3142ae44aa4aa58') in 0.0443469 seconds
Number of updated asset objects reloaded before import = 0Number of asset objects unloaded after import = 2

========================================================================
Received Import Request.
  Time since last request: 0.000145 seconds.
  path: Assets/csm_K55VM_tastatur_01_3e4ba8e15e.jpg
  artifactKey: Guid(5f1627b6381d8f640bf35764cd7fe965) Importer(815301076,1909f56bfc062723c751e8b465ee728b)
Start importing Assets/csm_K55VM_tastatur_01_3e4ba8e15e.jpg using Guid(5f1627b6381d8f640bf35764cd7fe965) Importer(815301076,1909f56bfc062723c751e8b465ee728b) (PreviewImporter) -> (artifact id: '9b4d75448e1b2f571e4d417e01c047b2') in 0.0096607 seconds
Number of updated asset objects reloaded before import = 0Number of asset objects unloaded after import = 2

========================================================================
Received Import Request.
  Time since last request: 0.000178 seconds.
  path: Assets/1666275062_2-mykaleidoscope-ru-p-laminat-tekstura-pinterest-3 1.jpg
  artifactKey: Guid(5bbaf3671a6d3964991b58593bdb6adb) Importer(815301076,1909f56bfc062723c751e8b465ee728b)
Start importing Assets/1666275062_2-mykaleidoscope-ru-p-laminat-tekstura-pinterest-3 1.jpg using Guid(5bbaf3671a6d3964991b58593bdb6adb) Importer(815301076,1909f56bfc062723c751e8b465ee728b) (PreviewImporter) -> (artifact id: 'c1c0a7e257ee48beaff4126714c21177') in 0.0116323 seconds
Number of updated asset objects reloaded before import = 0Number of asset objects unloaded after import = 2

========================================================================
Received Import Request.
  Time since last request: 0.000029 seconds.
  path: Assets/игра карта 0.6.fbx
  artifactKey: Guid(26c86317ada45eb45aaa71d606da46a8) Importer(815301076,1909f56bfc062723c751e8b465ee728b)
Start importing Assets/игра карта 0.6.fbx using Guid(26c86317ada45eb45aaa71d606da46a8) Importer(815301076,1909f56bfc062723c751e8b465ee728b) (PreviewImporter) -> (artifact id: '8f8a4132b84e1df3efb1d349180d11fd') in 1.7815841 seconds
Number of updated asset objects reloaded before import = 0Number of asset objects unloaded after import = 988

========================================================================
Received Import Request.
  Time since last request: 0.000021 seconds.
  path: Assets/1655827266_7-celes-club-p-oranzhevaya-tkan-tekstura-krasivo-8.jpg
  artifactKey: Guid(d6f41c1532635504fa0ea3c9d59326e9) Importer(815301076,1909f56bfc062723c751e8b465ee728b)
Start importing Assets/1655827266_7-celes-club-p-oranzhevaya-tkan-tekstura-krasivo-8.jpg using Guid(d6f41c1532635504fa0ea3c9d59326e9) Importer(815301076,1909f56bfc062723c751e8b465ee728b) (PreviewImporter) -> (artifact id: '9a0df84b5ebb1aa483fa6647deaea94a') in 0.0152235 seconds
Number of updated asset objects reloaded before import = 0Number of asset objects unloaded after import = 2

========================================================================
Received Import Request.
  Time since last request: 0.000048 seconds.
  path: Assets/1673175373_grizly-club-p-besshovnaya-tekstura-serogo-ldsp-37 1.jpg
  artifactKey: Guid(b22aa8318fbbaf74791eee95e5a0e666) Importer(815301076,1909f56bfc062723c751e8b465ee728b)
Start importing Assets/1673175373_grizly-club-p-besshovnaya-tekstura-serogo-ldsp-37 1.jpg using Guid(b22aa8318fbbaf74791eee95e5a0e666) Importer(815301076,1909f56bfc062723c751e8b465ee728b) (PreviewImporter) -> (artifact id: '59af6dbd92f75c0a12488ff4394b2bbd') in 0.0124382 seconds
Number of updated asset objects reloaded before import = 0Number of asset objects unloaded after import = 2

========================================================================
Received Import Request.
  Time since last request: 0.000081 seconds.
  path: Assets/7787487475065d08cd36fbc5373ce6cd 1.jpg
  artifactKey: Guid(dd66d1dcb5782af44a0628e872053b5e) Importer(815301076,1909f56bfc062723c751e8b465ee728b)
Start importing Assets/7787487475065d08cd36fbc5373ce6cd 1.jpg using Guid(dd66d1dcb5782af44a0628e872053b5e) Importer(815301076,1909f56bfc062723c751e8b465ee728b) (PreviewImporter) -> (artifact id: '43664b7761c257646d77aab0ac3cf1b0') in 0.007331 seconds
Number of updated asset objects reloaded before import = 0Number of asset objects unloaded after import = 2

========================================================================
Received Import Request.
  Time since last request: 0.000068 seconds.
  path: Assets/original 1.jpg
  artifactKey: Guid(f01c8c555e2fc474aa0254f01df0e23e) Importer(815301076,1909f56bfc062723c751e8b465ee728b)
Start importing Assets/original 1.jpg using Guid(f01c8c555e2fc474aa0254f01df0e23e) Importer(815301076,1909f56bfc062723c751e8b465ee728b) (PreviewImporter) -> (artifact id: '5b500e1e0493d7070b72913917ed6539') in 0.010621 seconds
Number of updated asset objects reloaded before import = 0Number of asset objects unloaded after import = 2

========================================================================
Received Import Request.
  Time since last request: 0.000062 seconds.
  path: Assets/1671036058_grizly-club-p-raian-gosling-png-7.png
  artifactKey: Guid(eb996fa7f53f2ed4a88e4140b7765952) Importer(815301076,1909f56bfc062723c751e8b465ee728b)
Start importing Assets/1671036058_grizly-club-p-raian-gosling-png-7.png using Guid(eb996fa7f53f2ed4a88e4140b7765952) Importer(815301076,1909f56bfc062723c751e8b465ee728b) (PreviewImporter) -> (artifact id: 'ff395ae508aec2a42d978a9cc37a0d81') in 0.0179386 seconds
Number of updated asset objects reloaded before import = 0Number of asset objects unloaded after import = 2

========================================================================
Received Import Request.
  Time since last request: 0.000097 seconds.
  path: Assets/kotiki-v-jivopisi-1-13 1.jpg
  artifactKey: Guid(b20aa37d8be1a1843a977eb10a2fe425) Importer(815301076,1909f56bfc062723c751e8b465ee728b)
Start importing Assets/kotiki-v-jivopisi-1-13 1.jpg using Guid(b20aa37d8be1a1843a977eb10a2fe425) Importer(815301076,1909f56bfc062723c751e8b465ee728b) (PreviewImporter) -> (artifact id: '0a6b1cfb500d3c33ce0b26a0487f77d9') in 0.0170426 seconds
Number of updated asset objects reloaded before import = 0Number of asset objects unloaded after import = 2

========================================================================
Received Import Request.
  Time since last request: 0.000031 seconds.
  path: Assets/pastel1.jpg
  artifactKey: Guid(1d306634ea49a404da409cd039e41409) Importer(815301076,1909f56bfc062723c751e8b465ee728b)
Start importing Assets/pastel1.jpg using Guid(1d306634ea49a404da409cd039e41409) Importer(815301076,1909f56bfc062723c751e8b465ee728b) (PreviewImporter) -> (artifact id: '44c1ad04235f9ae8df70640c3ebb9384') in 0.0163705 seconds
Number of updated asset objects reloaded before import = 0Number of asset objects unloaded after import = 2

========================================================================
Received Import Request.
  Time since last request: 0.000021 seconds.
  path: Assets/1623474708_17-phonoteka_org-p-laminat-sero-korichnevii-tekstura-besshovn-18 1.jpg
  artifactKey: Guid(91f74b1deb6f54645a5a3e7da3b5bffa) Importer(815301076,1909f56bfc062723c751e8b465ee728b)
Start importing Assets/1623474708_17-phonoteka_org-p-laminat-sero-korichnevii-tekstura-besshovn-18 1.jpg using Guid(91f74b1deb6f54645a5a3e7da3b5bffa) Importer(815301076,1909f56bfc062723c751e8b465ee728b) (PreviewImporter) -> (artifact id: '132c02c5223f5afd3ce433bc925c5052') in 0.0167764 seconds
Number of updated asset objects reloaded before import = 0Number of asset objects unloaded after import = 2

========================================================================
Received Import Request.
  Time since last request: 0.000036 seconds.
  path: Assets/csm_Polsterung_Skai_Tundra_F6461197_anthrazit_ef484567f2 1.jpg
  artifactKey: Guid(a6095fe683e304c4e99ce3467bd2ec95) Importer(815301076,1909f56bfc062723c751e8b465ee728b)
Start importing Assets/csm_Polsterung_Skai_Tundra_F6461197_anthrazit_ef484567f2 1.jpg using Guid(a6095fe683e304c4e99ce3467bd2ec95) Importer(815301076,1909f56bfc062723c751e8b465ee728b) (PreviewImporter) -> (artifact id: '3cf39e108cea28597cf402aadf86660d') in 0.0171464 seconds
Number of updated asset objects reloaded before import = 0Number of asset objects unloaded after import = 2

========================================================================
Received Import Request.
  Time since last request: 0.000056 seconds.
  path: Assets/matovyy_pesok 1.jpg
  artifactKey: Guid(d39588cd8f90e314eadb721c6c8f4196) Importer(815301076,1909f56bfc062723c751e8b465ee728b)
Start importing Assets/matovyy_pesok 1.jpg using Guid(d39588cd8f90e314eadb721c6c8f4196) Importer(815301076,1909f56bfc062723c751e8b465ee728b) (PreviewImporter) -> (artifact id: 'c0ded9802ad59ea7cd1bf8c7ee131683') in 0.0160623 seconds
Number of updated asset objects reloaded before import = 0Number of asset objects unloaded after import = 2

========================================================================
Received Import Request.
  Time since last request: 0.000079 seconds.
  path: Assets/6237715018 1.jpg
  artifactKey: Guid(96d08daba4abad54f854b553017a38ab) Importer(815301076,1909f56bfc062723c751e8b465ee728b)
Start importing Assets/6237715018 1.jpg using Guid(96d08daba4abad54f854b553017a38ab) Importer(815301076,1909f56bfc062723c751e8b465ee728b) (PreviewImporter) -> (artifact id: '77c4e9dc9b181ccba055fbf58557485b') in 0.0172266 seconds
Number of updated asset objects reloaded before import = 0Number of asset objects unloaded after import = 2

========================================================================
Received Import Request.
  Time since last request: 0.000071 seconds.
  path: Assets/11-kopiya-kopiya-7 1.jpg
  artifactKey: Guid(cdfff69089fc999458012f70bc0f85aa) Importer(815301076,1909f56bfc062723c751e8b465ee728b)
Start importing Assets/11-kopiya-kopiya-7 1.jpg using Guid(cdfff69089fc999458012f70bc0f85aa) Importer(815301076,1909f56bfc062723c751e8b465ee728b) (PreviewImporter) -> (artifact id: '807fb52633e9a3c07711be9d48fbe7f4') in 0.0156022 seconds
Number of updated asset objects reloaded before import = 0Number of asset objects unloaded after import = 2

========================================================================
Received Import Request.
  Time since last request: 0.000020 seconds.
  path: Assets/07f763e9fd747828d28025d6a7ea9d3b 1.jpg
  artifactKey: Guid(cc54e4d6818cf254b89d5a6caf8d5705) Importer(815301076,1909f56bfc062723c751e8b465ee728b)
Start importing Assets/07f763e9fd747828d28025d6a7ea9d3b 1.jpg using Guid(cc54e4d6818cf254b89d5a6caf8d5705) Importer(815301076,1909f56bfc062723c751e8b465ee728b) (PreviewImporter) -> (artifact id: 'b9b35543b59c1eacb49da5f503b196f3') in 0.0161883 seconds
Number of updated asset objects reloaded before import = 0Number of asset objects unloaded after import = 2

========================================================================
Received Import Request.
  Time since last request: 0.000071 seconds.
  path: Assets/metal-5-3 1.jpg
  artifactKey: Guid(b9e289bf7dbc7f5489ab5053c2074953) Importer(815301076,1909f56bfc062723c751e8b465ee728b)
Start importing Assets/metal-5-3 1.jpg using Guid(b9e289bf7dbc7f5489ab5053c2074953) Importer(815301076,1909f56bfc062723c751e8b465ee728b) (PreviewImporter) -> (artifact id: '8590191166164868f7ce785619135501') in 0.0178143 seconds
Number of updated asset objects reloaded before import = 0Number of asset objects unloaded after import = 2

========================================================================
Received Import Request.
  Time since last request: 0.000109 seconds.
  path: Assets/TQnrKfOIGh4 1.jpg
  artifactKey: Guid(b6dab352c705fde49841c062ce47fddf) Importer(815301076,1909f56bfc062723c751e8b465ee728b)
Start importing Assets/TQnrKfOIGh4 1.jpg using Guid(b6dab352c705fde49841c062ce47fddf) Importer(815301076,1909f56bfc062723c751e8b465ee728b) (PreviewImporter) -> (artifact id: 'fadae4b5c5e35910dec91c38de046d07') in 0.0175993 seconds
Number of updated asset objects reloaded before import = 0Number of asset objects unloaded after import = 2

========================================================================
Received Import Request.
  Time since last request: 0.000024 seconds.
  path: Assets/1020197960 1.jpg
  artifactKey: Guid(53a8f89fadbc0db4d94383d9d8f5bcfd) Importer(815301076,1909f56bfc062723c751e8b465ee728b)
Start importing Assets/1020197960 1.jpg using Guid(53a8f89fadbc0db4d94383d9d8f5bcfd) Importer(815301076,1909f56bfc062723c751e8b465ee728b) (PreviewImporter) -> (artifact id: '381783b38c35a17bc4228b2f1563e237') in 0.0144637 seconds
Number of updated asset objects reloaded before import = 0Number of asset objects unloaded after import = 2

========================================================================
Received Import Request.
  Time since last request: 8.958433 seconds.
  path: Assets/игра карта 0.6.fbx
  artifactKey: Guid(26c86317ada45eb45aaa71d606da46a8) Importer(815301076,1909f56bfc062723c751e8b465ee728b)
Start importing Assets/игра карта 0.6.fbx using Guid(26c86317ada45eb45aaa71d606da46a8) Importer(815301076,1909f56bfc062723c751e8b465ee728b) (PreviewImporter) -> (artifact id: 'dbc78d7e00f343899434d8a8eca16c92') in 1.5372668 seconds
Number of updated asset objects reloaded before import = 0Number of asset objects unloaded after import = 987

========================================================================
Received Import Request.
  Time since last request: 3.952659 seconds.
  path: Assets/игра карта 0.6.fbx
  artifactKey: Guid(26c86317ada45eb45aaa71d606da46a8) Importer(815301076,1909f56bfc062723c751e8b465ee728b)
Start importing Assets/игра карта 0.6.fbx using Guid(26c86317ada45eb45aaa71d606da46a8) Importer(815301076,1909f56bfc062723c751e8b465ee728b) (PreviewImporter) -> (artifact id: '1b598e93710e016dc8a7ee78b7f393af') in 1.395327 seconds
Number of updated asset objects reloaded before import = 0Number of asset objects unloaded after import = 986

========================================================================
Received Import Request.
  Time since last request: 1.925712 seconds.
  path: Assets/игра карта 0.6.fbx
  artifactKey: Guid(26c86317ada45eb45aaa71d606da46a8) Importer(815301076,1909f56bfc062723c751e8b465ee728b)
Start importing Assets/игра карта 0.6.fbx using Guid(26c86317ada45eb45aaa71d606da46a8) Importer(815301076,1909f56bfc062723c751e8b465ee728b) (PreviewImporter) -> (artifact id: '64bb287fc3fbace986cd45dbdd8e9d07') in 1.3748596 seconds
Number of updated asset objects reloaded before import = 0Number of asset objects unloaded after import = 985

========================================================================
Received Import Request.
  Time since last request: 1.628173 seconds.
  path: Assets/игра карта 0.6.fbx
  artifactKey: Guid(26c86317ada45eb45aaa71d606da46a8) Importer(815301076,1909f56bfc062723c751e8b465ee728b)
Start importing Assets/игра карта 0.6.fbx using Guid(26c86317ada45eb45aaa71d606da46a8) Importer(815301076,1909f56bfc062723c751e8b465ee728b) (PreviewImporter) -> (artifact id: 'a65fccfe5ad6a95d524ad53a0e5facaa') in 1.5544651 seconds
Number of updated asset objects reloaded before import = 0Number of asset objects unloaded after import = 984

========================================================================
Received Import Request.
  Time since last request: 12.429760 seconds.
  path: Assets/игра карта 0.6.fbx
  artifactKey: Guid(26c86317ada45eb45aaa71d606da46a8) Importer(815301076,1909f56bfc062723c751e8b465ee728b)
Start importing Assets/игра карта 0.6.fbx using Guid(26c86317ada45eb45aaa71d606da46a8) Importer(815301076,1909f56bfc062723c751e8b465ee728b) (PreviewImporter) -> (artifact id: 'a3f13bdf774305fc130b5a9a7689f293') in 1.8342511 seconds
Number of updated asset objects reloaded before import = 0Number of asset objects unloaded after import = 976

========================================================================
Received Import Request.
  Time since last request: 87.881879 seconds.
  path: Assets/5925-5.webp
  artifactKey: Guid(3ef431d1be38649478787eed925a1640) Importer(815301076,1909f56bfc062723c751e8b465ee728b)
Start importing Assets/5925-5.webp using Guid(3ef431d1be38649478787eed925a1640) Importer(815301076,1909f56bfc062723c751e8b465ee728b) (PreviewImporter) -> (artifact id: '01d0bf35c3fb0749ba0e705a3720a26f') in 0.0020011 seconds
Number of updated asset objects reloaded before import = 0Number of asset objects unloaded after import = 1

========================================================================
Received Prepare
Begin MonoManager ReloadAssembly
C:\build\output\Unity-Technologies\mono\mono\metadata\icall.c:1842:
C:\build\output\Unity-Technologies\mono\mono\metadata\icall.c:1842:
C:\build\output\Unity-Technologies\mono\mono\metadata\icall.c:1842:
C:\build\output\Unity-Technologies\mono\mono\metadata\icall.c:1842:
C:\build\output\Unity-Technologies\mono\mono\metadata\icall.c:1842:
C:\build\output\Unity-Technologies\mono\mono\metadata\icall.c:1842:
C:\build\output\Unity-Technologies\mono\mono\metadata\icall.c:1842:
C:\build\output\Unity-Technologies\mono\mono\metadata\icall.c:1842:
C:\build\output\Unity-Technologies\mono\mono\metadata\icall.c:1842:
C:\build\output\Unity-Technologies\mono\mono\metadata\icall.c:1842:
C:\build\output\Unity-Technologies\mono\mono\metadata\icall.c:1842:
C:\build\output\Unity-Technologies\mono\mono\metadata\icall.c:1842:
- Loaded All Assemblies, in  0.650 seconds
Refreshing native plugins compatible for Editor in 0.97 ms, found 3 plugins.
Native extension for WindowsStandalone target not found
Mono: successfully reloaded assembly
- Finished resetting the current domain, in  0.895 seconds
Domain Reload Profiling: 1545ms
	BeginReloadAssembly (207ms)
		ExecutionOrderSort (0ms)
		DisableScriptedObjects (5ms)
		BackupInstance (0ms)
		ReleaseScriptingObjects (0ms)
		CreateAndSetChildDomain (51ms)
	RebuildCommonClasses (39ms)
	RebuildNativeTypeToScriptingClass (15ms)
	initialDomainReloadingComplete (27ms)
	LoadAllAssembliesAndSetupDomain (361ms)
		LoadAssemblies (344ms)
		RebuildTransferFunctionScriptingTraits (0ms)
		AnalyzeDomain (129ms)
			TypeCache.Refresh (5ms)
				TypeCache.ScanAssembly (0ms)
			BuildScriptInfoCaches (117ms)
			ResolveRequiredComponents (4ms)
	FinalizeReload (896ms)
		ReleaseScriptCaches (0ms)
		RebuildScriptCaches (0ms)
		SetupLoadedEditorAssemblies (636ms)
			LogAssemblyErrors (0ms)
			InitializePlatformSupportModulesInManaged (3ms)
			SetLoadedEditorAssemblies (5ms)
			BeforeProcessingInitializeOnLoad (48ms)
			ProcessInitializeOnLoadAttributes (531ms)
			ProcessInitializeOnLoadMethodAttributes (44ms)
			AfterProcessingInitializeOnLoad (4ms)
			EditorAssembliesLoaded (0ms)
		ExecutionOrderSort2 (0ms)
		AwakeInstancesAfterBackupRestoration (14ms)
Refreshing native plugins compatible for Editor in 0.98 ms, found 3 plugins.
Preloading 0 native plugins for Editor in 0.00 ms.
Unloading 0 Unused Serialized files (Serialized files now loaded: 0)
Unloading 3135 unused Assets / (1.0 MB). Loaded Objects now: 3746.
Memory consumption went from 117.1 MB to 116.1 MB.
Total: 6.578000 ms (FindLiveObjects: 0.428300 ms CreateObjectMapping: 0.438400 ms MarkObjects: 4.411000 ms  DeleteObjects: 1.299400 ms)

Prepare: number of updated asset objects reloaded= 0
========================================================================
Received Prepare
Begin MonoManager ReloadAssembly
C:\build\output\Unity-Technologies\mono\mono\metadata\icall.c:1842:
C:\build\output\Unity-Technologies\mono\mono\metadata\icall.c:1842:
C:\build\output\Unity-Technologies\mono\mono\metadata\icall.c:1842:
C:\build\output\Unity-Technologies\mono\mono\metadata\icall.c:1842:
C:\build\output\Unity-Technologies\mono\mono\metadata\icall.c:1842:
C:\build\output\Unity-Technologies\mono\mono\metadata\icall.c:1842:
C:\build\output\Unity-Technologies\mono\mono\metadata\icall.c:1842:
C:\build\output\Unity-Technologies\mono\mono\metadata\icall.c:1842:
C:\build\output\Unity-Technologies\mono\mono\metadata\icall.c:1842:
C:\build\output\Unity-Technologies\mono\mono\metadata\icall.c:1842:
C:\build\output\Unity-Technologies\mono\mono\metadata\icall.c:1842:
C:\build\output\Unity-Technologies\mono\mono\metadata\icall.c:1842:
- Loaded All Assemblies, in  0.618 seconds
Refreshing native plugins compatible for Editor in 0.91 ms, found 3 plugins.
Native extension for WindowsStandalone target not found
Mono: successfully reloaded assembly
- Finished resetting the current domain, in  0.696 seconds
Domain Reload Profiling: 1314ms
	BeginReloadAssembly (201ms)
		ExecutionOrderSort (0ms)
		DisableScriptedObjects (7ms)
		BackupInstance (0ms)
		ReleaseScriptingObjects (0ms)
		CreateAndSetChildDomain (44ms)
	RebuildCommonClasses (39ms)
	RebuildNativeTypeToScriptingClass (15ms)
	initialDomainReloadingComplete (24ms)
	LoadAllAssembliesAndSetupDomain (339ms)
		LoadAssemblies (324ms)
		RebuildTransferFunctionScriptingTraits (0ms)
		AnalyzeDomain (128ms)
			TypeCache.Refresh (5ms)
				TypeCache.ScanAssembly (0ms)
			BuildScriptInfoCaches (116ms)
			ResolveRequiredComponents (4ms)
	FinalizeReload (697ms)
		ReleaseScriptCaches (0ms)
		RebuildScriptCaches (0ms)
		SetupLoadedEditorAssemblies (498ms)
			LogAssemblyErrors (0ms)
			InitializePlatformSupportModulesInManaged (2ms)
			SetLoadedEditorAssemblies (5ms)
			BeforeProcessingInitializeOnLoad (40ms)
			ProcessInitializeOnLoadAttributes (428ms)
			ProcessInitializeOnLoadMethodAttributes (21ms)
			AfterProcessingInitializeOnLoad (2ms)
			EditorAssembliesLoaded (0ms)
		ExecutionOrderSort2 (0ms)
		AwakeInstancesAfterBackupRestoration (9ms)
Refreshing native plugins compatible for Editor in 0.89 ms, found 3 plugins.
Preloading 0 native plugins for Editor in 0.00 ms.
Unloading 0 Unused Serialized files (Serialized files now loaded: 0)
Unloading 3135 unused Assets / (0.8 MB). Loaded Objects now: 3746.
Memory consumption went from 119.0 MB to 118.2 MB.
Total: 5.551600 ms (FindLiveObjects: 0.387700 ms CreateObjectMapping: 0.343700 ms MarkObjects: 4.025400 ms  DeleteObjects: 0.793900 ms)

Prepare: number of updated asset objects reloaded= 0
========================================================================
Received Prepare
Begin MonoManager ReloadAssembly
C:\build\output\Unity-Technologies\mono\mono\metadata\icall.c:1842:
C:\build\output\Unity-Technologies\mono\mono\metadata\icall.c:1842:
C:\build\output\Unity-Technologies\mono\mono\metadata\icall.c:1842:
C:\build\output\Unity-Technologies\mono\mono\metadata\icall.c:1842:
C:\build\output\Unity-Technologies\mono\mono\metadata\icall.c:1842:
C:\build\output\Unity-Technologies\mono\mono\metadata\icall.c:1842:
C:\build\output\Unity-Technologies\mono\mono\metadata\icall.c:1842:
C:\build\output\Unity-Technologies\mono\mono\metadata\icall.c:1842:
C:\build\output\Unity-Technologies\mono\mono\metadata\icall.c:1842:
C:\build\output\Unity-Technologies\mono\mono\metadata\icall.c:1842:
C:\build\output\Unity-Technologies\mono\mono\metadata\icall.c:1842:
C:\build\output\Unity-Technologies\mono\mono\metadata\icall.c:1842:
- Loaded All Assemblies, in  0.602 seconds
Refreshing native plugins compatible for Editor in 0.89 ms, found 3 plugins.
Native extension for WindowsStandalone target not found
Mono: successfully reloaded assembly
- Finished resetting the current domain, in  0.689 seconds
Domain Reload Profiling: 1290ms
	BeginReloadAssembly (195ms)
		ExecutionOrderSort (0ms)
		DisableScriptedObjects (6ms)
		BackupInstance (0ms)
		ReleaseScriptingObjects (0ms)
		CreateAndSetChildDomain (41ms)
	RebuildCommonClasses (37ms)
	RebuildNativeTypeToScriptingClass (18ms)
	initialDomainReloadingComplete (24ms)
	LoadAllAssembliesAndSetupDomain (327ms)
		LoadAssemblies (307ms)
		RebuildTransferFunctionScriptingTraits (0ms)
		AnalyzeDomain (129ms)
			TypeCache.Refresh (5ms)
				TypeCache.ScanAssembly (0ms)
			BuildScriptInfoCaches (117ms)
			ResolveRequiredComponents (4ms)
	FinalizeReload (689ms)
		ReleaseScriptCaches (0ms)
		RebuildScriptCaches (0ms)
		SetupLoadedEditorAssemblies (491ms)
			LogAssemblyErrors (0ms)
			InitializePlatformSupportModulesInManaged (2ms)
			SetLoadedEditorAssemblies (4ms)
			BeforeProcessingInitializeOnLoad (38ms)
			ProcessInitializeOnLoadAttributes (423ms)
			ProcessInitializeOnLoadMethodAttributes (21ms)
			AfterProcessingInitializeOnLoad (2ms)
			EditorAssembliesLoaded (0ms)
		ExecutionOrderSort2 (0ms)
		AwakeInstancesAfterBackupRestoration (9ms)
Refreshing native plugins compatible for Editor in 0.85 ms, found 3 plugins.
Preloading 0 native plugins for Editor in 0.00 ms.
Unloading 0 Unused Serialized files (Serialized files now loaded: 0)
Unloading 3135 unused Assets / (0.9 MB). Loaded Objects now: 3746.
Memory consumption went from 120.9 MB to 120.0 MB.
Total: 5.285300 ms (FindLiveObjects: 0.387500 ms CreateObjectMapping: 0.329700 ms MarkObjects: 3.671700 ms  DeleteObjects: 0.895300 ms)

Prepare: number of updated asset objects reloaded= 0
========================================================================
Received Prepare
Begin MonoManager ReloadAssembly
C:\build\output\Unity-Technologies\mono\mono\metadata\icall.c:1842:
C:\build\output\Unity-Technologies\mono\mono\metadata\icall.c:1842:
C:\build\output\Unity-Technologies\mono\mono\metadata\icall.c:1842:
C:\build\output\Unity-Technologies\mono\mono\metadata\icall.c:1842:
C:\build\output\Unity-Technologies\mono\mono\metadata\icall.c:1842:
C:\build\output\Unity-Technologies\mono\mono\metadata\icall.c:1842:
C:\build\output\Unity-Technologies\mono\mono\metadata\icall.c:1842:
C:\build\output\Unity-Technologies\mono\mono\metadata\icall.c:1842:
C:\build\output\Unity-Technologies\mono\mono\metadata\icall.c:1842:
C:\build\output\Unity-Technologies\mono\mono\metadata\icall.c:1842:
C:\build\output\Unity-Technologies\mono\mono\metadata\icall.c:1842:
C:\build\output\Unity-Technologies\mono\mono\metadata\icall.c:1842:
- Loaded All Assemblies, in  0.602 seconds
Refreshing native plugins compatible for Editor in 0.86 ms, found 3 plugins.
Native extension for WindowsStandalone target not found
Mono: successfully reloaded assembly
- Finished resetting the current domain, in  0.770 seconds
Domain Reload Profiling: 1371ms
	BeginReloadAssembly (194ms)
		ExecutionOrderSort (0ms)
		DisableScriptedObjects (6ms)
		BackupInstance (0ms)
		ReleaseScriptingObjects (0ms)
		CreateAndSetChildDomain (40ms)
	RebuildCommonClasses (38ms)
	RebuildNativeTypeToScriptingClass (15ms)
	initialDomainReloadingComplete (24ms)
	LoadAllAssembliesAndSetupDomain (330ms)
		LoadAssemblies (309ms)
		RebuildTransferFunctionScriptingTraits (0ms)
		AnalyzeDomain (131ms)
			TypeCache.Refresh (5ms)
				TypeCache.ScanAssembly (0ms)
			BuildScriptInfoCaches (119ms)
			ResolveRequiredComponents (4ms)
	FinalizeReload (770ms)
		ReleaseScriptCaches (0ms)
		RebuildScriptCaches (0ms)
		SetupLoadedEditorAssemblies (569ms)
			LogAssemblyErrors (0ms)
			InitializePlatformSupportModulesInManaged (2ms)
			SetLoadedEditorAssemblies (4ms)
			BeforeProcessingInitializeOnLoad (39ms)
			ProcessInitializeOnLoadAttributes (496ms)
			ProcessInitializeOnLoadMethodAttributes (25ms)
			AfterProcessingInitializeOnLoad (2ms)
			EditorAssembliesLoaded (0ms)
		ExecutionOrderSort2 (0ms)
		AwakeInstancesAfterBackupRestoration (10ms)
Refreshing native plugins compatible for Editor in 0.91 ms, found 3 plugins.
Preloading 0 native plugins for Editor in 0.00 ms.
Unloading 0 Unused Serialized files (Serialized files now loaded: 0)
Unloading 3135 unused Assets / (0.8 MB). Loaded Objects now: 3746.
Memory consumption went from 122.9 MB to 122.1 MB.
Total: 5.199300 ms (FindLiveObjects: 0.392600 ms CreateObjectMapping: 0.393100 ms MarkObjects: 3.602300 ms  DeleteObjects: 0.810600 ms)

Prepare: number of updated asset objects reloaded= 0
